{
  level: 'error',
  message: 'POST /api/v1/user/email 500 10231ms',
  metadata: {
    meta: {
      req: {
        url: '/api/v1/user/email',
        headers: {
          'user-agent': 'PostmanRuntime/7.37.0',
          accept: '*/*',
          'cache-control': 'no-cache',
          'postman-token': '5229ce8e-62a6-4586-8145-75cd16eca34f',
          host: 'localhost:8080',
          'accept-encoding': 'gzip, deflate, br',
          connection: 'keep-alive',
          cookie: 'token=eyJhbGciOiJIUzI1NiIsInR5cCI6IkpXVCJ9.eyJpZCI6IjY2MGFlNjNhMzliZTk1NGY1NDliYjFkOSIsImlhdCI6MTcxMTk5OTI4NSwiZXhwIjoxNzEyNjA0MDg1fQ.Zgybuh_vfZlDwjpYTf0Zs8Rhk3mMzmluKG-he2ZBNbk',
          'content-length': '0'
        },
        method: 'POST',
        httpVersion: '1.1',
        originalUrl: '/api/v1/user/email',
        query: {}
      },
      res: { statusCode: 500 },
      responseTime: 10231
    }
  },
  timestamp: '2024-04-02T08:17:19.819Z'
}
{
  level: 'error',
  message: 'POST /api/v1/user/email 500 10170ms',
  metadata: {
    meta: {
      req: {
        url: '/api/v1/user/email',
        headers: {
          'user-agent': 'PostmanRuntime/7.37.0',
          accept: '*/*',
          'cache-control': 'no-cache',
          'postman-token': 'c0203999-6778-4049-bb79-48297cec2d64',
          host: 'localhost:8080',
          'accept-encoding': 'gzip, deflate, br',
          connection: 'keep-alive',
          cookie: 'token=eyJhbGciOiJIUzI1NiIsInR5cCI6IkpXVCJ9.eyJpZCI6IjY2MGFlNjNhMzliZTk1NGY1NDliYjFkOSIsImlhdCI6MTcxMTk5OTI4NSwiZXhwIjoxNzEyNjA0MDg1fQ.Zgybuh_vfZlDwjpYTf0Zs8Rhk3mMzmluKG-he2ZBNbk',
          'content-length': '0'
        },
        method: 'POST',
        httpVersion: '1.1',
        originalUrl: '/api/v1/user/email',
        query: {}
      },
      res: { statusCode: 500 },
      responseTime: 10170
    }
  },
  timestamp: '2024-04-02T08:20:12.535Z'
}
{
  level: 'error',
  message: 'POST /api/v1/user/register 500 64ms',
  metadata: {
    meta: {
      req: {
        url: '/api/v1/user/register',
        headers: {
          'user-agent': 'PostmanRuntime/7.37.0',
          accept: '*/*',
          'cache-control': 'no-cache',
          'postman-token': '9b4cea42-2416-490e-9985-f2ea7c973d02',
          host: 'localhost:8080',
          'accept-encoding': 'gzip, deflate, br',
          connection: 'keep-alive',
          'content-type': 'multipart/form-data; boundary=--------------------------507471707308793349422352',
          cookie: 'token=eyJhbGciOiJIUzI1NiIsInR5cCI6IkpXVCJ9.eyJpZCI6IjY2MGFlNjNhMzliZTk1NGY1NDliYjFkOSIsImlhdCI6MTcxMTk5OTI4NSwiZXhwIjoxNzEyNjA0MDg1fQ.Zgybuh_vfZlDwjpYTf0Zs8Rhk3mMzmluKG-he2ZBNbk',
          'content-length': '164756'
        },
        method: 'POST',
        httpVersion: '1.1',
        originalUrl: '/api/v1/user/register',
        query: {}
      },
      res: { statusCode: 500 },
      responseTime: 64
    }
  },
  timestamp: '2024-04-02T08:39:24.298Z'
}
{
  level: 'error',
  message: 'POST /api/v1/user/register 500 13855ms',
  metadata: {
    meta: {
      req: {
        url: '/api/v1/user/register',
        headers: {
          'user-agent': 'PostmanRuntime/7.37.0',
          accept: '*/*',
          'cache-control': 'no-cache',
          'postman-token': '43e2847c-2a6b-46b2-99d3-4d1c4b3b6bf1',
          host: 'localhost:8080',
          'accept-encoding': 'gzip, deflate, br',
          connection: 'keep-alive',
          'content-type': 'multipart/form-data; boundary=--------------------------959177025027201649157203',
          cookie: 'token=eyJhbGciOiJIUzI1NiIsInR5cCI6IkpXVCJ9.eyJpZCI6IjY2MGFlNjNhMzliZTk1NGY1NDliYjFkOSIsImlhdCI6MTcxMTk5OTI4NSwiZXhwIjoxNzEyNjA0MDg1fQ.Zgybuh_vfZlDwjpYTf0Zs8Rhk3mMzmluKG-he2ZBNbk',
          'content-length': '164757'
        },
        method: 'POST',
        httpVersion: '1.1',
        originalUrl: '/api/v1/user/register',
        query: {}
      },
      res: { statusCode: 500 },
      responseTime: 13855
    }
  },
  timestamp: '2024-04-02T08:40:05.555Z'
}
{
  level: 'error',
  message: 'POST /api/v1/user/forgotpassword 500 46ms',
  metadata: {
    meta: {
      req: {
        url: '/api/v1/user/forgotpassword',
        headers: {
          'content-type': 'application/json',
          'user-agent': 'PostmanRuntime/7.37.0',
          accept: '*/*',
          'cache-control': 'no-cache',
          'postman-token': '42e5493f-9b57-4996-8572-f9b2828331fe',
          host: 'localhost:8080',
          'accept-encoding': 'gzip, deflate, br',
          connection: 'keep-alive',
          'content-length': '38',
          cookie: 'token=eyJhbGciOiJIUzI1NiIsInR5cCI6IkpXVCJ9.eyJpZCI6IjY2MGFlNjNhMzliZTk1NGY1NDliYjFkOSIsImlhdCI6MTcxMTk5OTI4NSwiZXhwIjoxNzEyNjA0MDg1fQ.Zgybuh_vfZlDwjpYTf0Zs8Rhk3mMzmluKG-he2ZBNbk'
        },
        method: 'POST',
        httpVersion: '1.1',
        originalUrl: '/api/v1/user/forgotpassword',
        query: {}
      },
      res: { statusCode: 500 },
      responseTime: 46
    }
  },
  timestamp: '2024-04-02T11:19:16.712Z'
}
{
  level: 'error',
  message: 'POST /api/v1/user/forgotpassword 500 7ms',
  metadata: {
    meta: {
      req: {
        url: '/api/v1/user/forgotpassword',
        headers: {
          'content-type': 'application/json',
          'user-agent': 'PostmanRuntime/7.37.0',
          accept: '*/*',
          'cache-control': 'no-cache',
          'postman-token': '7bc1c19d-be5c-4f3f-93f5-6266612e241c',
          host: 'localhost:8080',
          'accept-encoding': 'gzip, deflate, br',
          connection: 'keep-alive',
          'content-length': '37',
          cookie: 'token=eyJhbGciOiJIUzI1NiIsInR5cCI6IkpXVCJ9.eyJpZCI6IjY2MGFlNjNhMzliZTk1NGY1NDliYjFkOSIsImlhdCI6MTcxMTk5OTI4NSwiZXhwIjoxNzEyNjA0MDg1fQ.Zgybuh_vfZlDwjpYTf0Zs8Rhk3mMzmluKG-he2ZBNbk'
        },
        method: 'POST',
        httpVersion: '1.1',
        originalUrl: '/api/v1/user/forgotpassword',
        query: {}
      },
      res: { statusCode: 500 },
      responseTime: 7
    }
  },
  timestamp: '2024-04-02T11:22:58.153Z'
}
{
  level: 'error',
  message: 'PUT /api/v1/user/changepassword/eyJhbGciOiJIUzI1NiIsInR5cCI6IkpXVCJ9.eyJpZCI6IjY2MGFlNjNhMzliZTk1NGY1NDliYjFkOSIsImlhdCI6MTcxMjA1ODY3NiwiZXhwIjoxNzEyNjYzNDc2fQ.apJgZVjP4cHMqGxAb-YCmNE-IqJHg6sYiuMMY5_5w_s 500 3ms',
  metadata: {
    meta: {
      req: {
        url: '/api/v1/user/changepassword/eyJhbGciOiJIUzI1NiIsInR5cCI6IkpXVCJ9.eyJpZCI6IjY2MGFlNjNhMzliZTk1NGY1NDliYjFkOSIsImlhdCI6MTcxMjA1ODY3NiwiZXhwIjoxNzEyNjYzNDc2fQ.apJgZVjP4cHMqGxAb-YCmNE-IqJHg6sYiuMMY5_5w_s',
        headers: {
          'user-agent': 'PostmanRuntime/7.37.0',
          accept: '*/*',
          'cache-control': 'no-cache',
          'postman-token': 'fb06dc2b-d41b-4578-948d-4cf78435811c',
          host: 'localhost:8080',
          'accept-encoding': 'gzip, deflate, br',
          connection: 'keep-alive',
          cookie: 'token=eyJhbGciOiJIUzI1NiIsInR5cCI6IkpXVCJ9.eyJpZCI6IjY2MGFlNjNhMzliZTk1NGY1NDliYjFkOSIsImlhdCI6MTcxMjA1ODY3NiwiZXhwIjoxNzEyNjYzNDc2fQ.apJgZVjP4cHMqGxAb-YCmNE-IqJHg6sYiuMMY5_5w_s',
          'content-length': '0'
        },
        method: 'PUT',
        httpVersion: '1.1',
        originalUrl: '/api/v1/user/changepassword/eyJhbGciOiJIUzI1NiIsInR5cCI6IkpXVCJ9.eyJpZCI6IjY2MGFlNjNhMzliZTk1NGY1NDliYjFkOSIsImlhdCI6MTcxMjA1ODY3NiwiZXhwIjoxNzEyNjYzNDc2fQ.apJgZVjP4cHMqGxAb-YCmNE-IqJHg6sYiuMMY5_5w_s',
        query: {}
      },
      res: { statusCode: 500 },
      responseTime: 3
    }
  },
  timestamp: '2024-04-02T11:52:24.242Z'
}
{
  level: 'error',
  message: 'PUT /api/v1/user/changepassword/eyJhbGciOiJIUzI1NiIsInR5cCI6IkpXVCJ9.eyJpZCI6IjY2MGFlNjNhMzliZTk1NGY1NDliYjFkOSIsImlhdCI6MTcxMjA1ODY3NiwiZXhwIjoxNzEyNjYzNDc2fQ.apJgZVjP4cHMqGxAb-YCmNE-IqJHg6sYiuMMY5_5w_s 500 25ms',
  metadata: {
    meta: {
      req: {
        url: '/api/v1/user/changepassword/eyJhbGciOiJIUzI1NiIsInR5cCI6IkpXVCJ9.eyJpZCI6IjY2MGFlNjNhMzliZTk1NGY1NDliYjFkOSIsImlhdCI6MTcxMjA1ODY3NiwiZXhwIjoxNzEyNjYzNDc2fQ.apJgZVjP4cHMqGxAb-YCmNE-IqJHg6sYiuMMY5_5w_s',
        headers: {
          'user-agent': 'PostmanRuntime/7.37.0',
          accept: '*/*',
          'cache-control': 'no-cache',
          'postman-token': 'ff0c2588-bba4-4512-8056-e22d76410c9e',
          host: 'localhost:8080',
          'accept-encoding': 'gzip, deflate, br',
          connection: 'keep-alive',
          cookie: 'token=eyJhbGciOiJIUzI1NiIsInR5cCI6IkpXVCJ9.eyJpZCI6IjY2MGFlNjNhMzliZTk1NGY1NDliYjFkOSIsImlhdCI6MTcxMjA1ODY3NiwiZXhwIjoxNzEyNjYzNDc2fQ.apJgZVjP4cHMqGxAb-YCmNE-IqJHg6sYiuMMY5_5w_s',
          'content-length': '0'
        },
        method: 'PUT',
        httpVersion: '1.1',
        originalUrl: '/api/v1/user/changepassword/eyJhbGciOiJIUzI1NiIsInR5cCI6IkpXVCJ9.eyJpZCI6IjY2MGFlNjNhMzliZTk1NGY1NDliYjFkOSIsImlhdCI6MTcxMjA1ODY3NiwiZXhwIjoxNzEyNjYzNDc2fQ.apJgZVjP4cHMqGxAb-YCmNE-IqJHg6sYiuMMY5_5w_s',
        query: {}
      },
      res: { statusCode: 500 },
      responseTime: 25
    }
  },
  timestamp: '2024-04-02T11:54:13.130Z'
}
{
  level: 'error',
  message: 'POST /api/v1/user/register 500 28ms',
  metadata: {
    meta: {
      req: {
        url: '/api/v1/user/register',
        headers: {
          'user-agent': 'PostmanRuntime/7.37.0',
          accept: '*/*',
          'cache-control': 'no-cache',
          'postman-token': '949bae78-10e9-447f-9c22-70d94ca9c345',
          host: 'localhost:8080',
          'accept-encoding': 'gzip, deflate, br',
          connection: 'keep-alive',
          'content-type': 'multipart/form-data; boundary=--------------------------485948938064761825696984',
          cookie: 'token=eyJhbGciOiJIUzI1NiIsInR5cCI6IkpXVCJ9.eyJpZCI6IjY2MGFlNjNhMzliZTk1NGY1NDliYjFkOSIsImlhdCI6MTcxMjA1ODY3NiwiZXhwIjoxNzEyNjYzNDc2fQ.apJgZVjP4cHMqGxAb-YCmNE-IqJHg6sYiuMMY5_5w_s',
          'content-length': '164756'
        },
        method: 'POST',
        httpVersion: '1.1',
        originalUrl: '/api/v1/user/register',
        query: {}
      },
      res: { statusCode: 500 },
      responseTime: 28
    }
  },
  timestamp: '2024-04-02T12:05:03.439Z'
}
{
  level: 'error',
  message: 'POST /api/v1/user/register 500 9ms',
  metadata: {
    meta: {
      req: {
        url: '/api/v1/user/register',
        headers: {
          'user-agent': 'PostmanRuntime/7.37.0',
          accept: '*/*',
          'cache-control': 'no-cache',
          'postman-token': 'c085eac3-d2d5-45b6-a6cb-8d1686b7eb06',
          host: 'localhost:8080',
          'accept-encoding': 'gzip, deflate, br',
          connection: 'keep-alive',
          'content-type': 'multipart/form-data; boundary=--------------------------842643227375599538064428',
          cookie: 'token=eyJhbGciOiJIUzI1NiIsInR5cCI6IkpXVCJ9.eyJpZCI6IjY2MGFlNjNhMzliZTk1NGY1NDliYjFkOSIsImlhdCI6MTcxMjA1ODY3NiwiZXhwIjoxNzEyNjYzNDc2fQ.apJgZVjP4cHMqGxAb-YCmNE-IqJHg6sYiuMMY5_5w_s',
          'content-length': '164756'
        },
        method: 'POST',
        httpVersion: '1.1',
        originalUrl: '/api/v1/user/register',
        query: {}
      },
      res: { statusCode: 500 },
      responseTime: 9
    }
  },
  timestamp: '2024-04-02T12:05:10.513Z'
}
{
  level: 'error',
  message: 'PUT /api/v1/user/updateavatar 500 83ms',
  metadata: {
    meta: {
      req: {
        url: '/api/v1/user/updateavatar',
        headers: {
          'user-agent': 'PostmanRuntime/7.37.0',
          accept: '*/*',
          'cache-control': 'no-cache',
          'postman-token': '8725cd8a-cc1c-48dd-a5a5-275299007071',
          host: 'localhost:8080',
          'accept-encoding': 'gzip, deflate, br',
          connection: 'keep-alive',
          'content-type': 'multipart/form-data; boundary=--------------------------596933906421025370175405',
          cookie: 'token=eyJhbGciOiJIUzI1NiIsInR5cCI6IkpXVCJ9.eyJpZCI6IjY2MGFlNjNhMzliZTk1NGY1NDliYjFkOSIsImlhdCI6MTcxMjA1ODY3NiwiZXhwIjoxNzEyNjYzNDc2fQ.apJgZVjP4cHMqGxAb-YCmNE-IqJHg6sYiuMMY5_5w_s',
          'content-length': '216726'
        },
        method: 'PUT',
        httpVersion: '1.1',
        originalUrl: '/api/v1/user/updateavatar',
        query: {}
      },
      res: { statusCode: 500 },
      responseTime: 83
    }
  },
  timestamp: '2024-04-02T12:54:33.272Z'
}
{
  level: 'error',
  message: 'PUT /api/v1/user/updateavatar 500 39ms',
  metadata: {
    meta: {
      req: {
        url: '/api/v1/user/updateavatar',
        headers: {
          'user-agent': 'PostmanRuntime/7.37.0',
          accept: '*/*',
          'cache-control': 'no-cache',
          'postman-token': '1f28097a-ab29-4511-933d-d0955f7735f0',
          host: 'localhost:8080',
          'accept-encoding': 'gzip, deflate, br',
          connection: 'keep-alive',
          'content-type': 'multipart/form-data; boundary=--------------------------782619606363924493124169',
          cookie: 'token=eyJhbGciOiJIUzI1NiIsInR5cCI6IkpXVCJ9.eyJpZCI6IjY2MGFlNjNhMzliZTk1NGY1NDliYjFkOSIsImlhdCI6MTcxMjA1ODY3NiwiZXhwIjoxNzEyNjYzNDc2fQ.apJgZVjP4cHMqGxAb-YCmNE-IqJHg6sYiuMMY5_5w_s',
          'content-length': '216726'
        },
        method: 'PUT',
        httpVersion: '1.1',
        originalUrl: '/api/v1/user/updateavatar',
        query: {}
      },
      res: { statusCode: 500 },
      responseTime: 39
    }
  },
  timestamp: '2024-04-02T12:58:36.336Z'
}
{
  level: 'error',
  message: 'PUT /api/v1/user/updateavatar 500 54ms',
  metadata: {
    meta: {
      req: {
        url: '/api/v1/user/updateavatar',
        headers: {
          'user-agent': 'PostmanRuntime/7.37.0',
          accept: '*/*',
          'cache-control': 'no-cache',
          'postman-token': '2762282b-ceec-44de-9677-4bc872ac17a7',
          host: 'localhost:8080',
          'accept-encoding': 'gzip, deflate, br',
          connection: 'keep-alive',
          'content-type': 'multipart/form-data; boundary=--------------------------127243586732282946935740',
          cookie: 'token=eyJhbGciOiJIUzI1NiIsInR5cCI6IkpXVCJ9.eyJpZCI6IjY2MGFlNjNhMzliZTk1NGY1NDliYjFkOSIsImlhdCI6MTcxMjA1ODY3NiwiZXhwIjoxNzEyNjYzNDc2fQ.apJgZVjP4cHMqGxAb-YCmNE-IqJHg6sYiuMMY5_5w_s',
          'content-length': '216726'
        },
        method: 'PUT',
        httpVersion: '1.1',
        originalUrl: '/api/v1/user/updateavatar',
        query: {}
      },
      res: { statusCode: 500 },
      responseTime: 54
    }
  },
  timestamp: '2024-04-02T12:59:30.212Z'
}
{
  level: 'error',
  message: 'PUT /api/v1/user/updateavatar 500 3484ms',
  metadata: {
    meta: {
      req: {
        url: '/api/v1/user/updateavatar',
        headers: {
          'user-agent': 'PostmanRuntime/7.37.0',
          accept: '*/*',
          'cache-control': 'no-cache',
          'postman-token': '8a3824a2-ac45-4f7a-9687-0b9fba788847',
          host: 'localhost:8080',
          'accept-encoding': 'gzip, deflate, br',
          connection: 'keep-alive',
          'content-type': 'multipart/form-data; boundary=--------------------------247226631430620306790098',
          cookie: 'token=eyJhbGciOiJIUzI1NiIsInR5cCI6IkpXVCJ9.eyJpZCI6IjY2MGFlNjNhMzliZTk1NGY1NDliYjFkOSIsImlhdCI6MTcxMjA1ODY3NiwiZXhwIjoxNzEyNjYzNDc2fQ.apJgZVjP4cHMqGxAb-YCmNE-IqJHg6sYiuMMY5_5w_s',
          'content-length': '216726'
        },
        method: 'PUT',
        httpVersion: '1.1',
        originalUrl: '/api/v1/user/updateavatar',
        query: {}
      },
      res: { statusCode: 500 },
      responseTime: 3484
    }
  },
  timestamp: '2024-04-02T13:00:48.342Z'
}
{
  level: 'error',
  message: 'PUT /api/v1/user/updateavatar 500 3639ms',
  metadata: {
    meta: {
      req: {
        url: '/api/v1/user/updateavatar',
        headers: {
          'user-agent': 'PostmanRuntime/7.37.0',
          accept: '*/*',
          'cache-control': 'no-cache',
          'postman-token': '1afe1db0-dda0-446d-90e4-fa9ac60f1162',
          host: 'localhost:8080',
          'accept-encoding': 'gzip, deflate, br',
          connection: 'keep-alive',
          'content-type': 'multipart/form-data; boundary=--------------------------086409637046740490327897',
          cookie: 'token=eyJhbGciOiJIUzI1NiIsInR5cCI6IkpXVCJ9.eyJpZCI6IjY2MGFlNjNhMzliZTk1NGY1NDliYjFkOSIsImlhdCI6MTcxMjA1ODY3NiwiZXhwIjoxNzEyNjYzNDc2fQ.apJgZVjP4cHMqGxAb-YCmNE-IqJHg6sYiuMMY5_5w_s',
          'content-length': '216726'
        },
        method: 'PUT',
        httpVersion: '1.1',
        originalUrl: '/api/v1/user/updateavatar',
        query: {}
      },
      res: { statusCode: 500 },
      responseTime: 3639
    }
  },
  timestamp: '2024-04-02T13:02:29.516Z'
}
{
  level: 'error',
  message: 'PUT /api/v1/user/updateavatar 500 3699ms',
  metadata: {
    meta: {
      req: {
        url: '/api/v1/user/updateavatar',
        headers: {
          'user-agent': 'PostmanRuntime/7.37.0',
          accept: '*/*',
          'cache-control': 'no-cache',
          'postman-token': '15c73312-0e64-4ae2-bc6a-c29bd66f84f3',
          host: 'localhost:8080',
          'accept-encoding': 'gzip, deflate, br',
          connection: 'keep-alive',
          'content-type': 'multipart/form-data; boundary=--------------------------949513499260574982756681',
          cookie: 'token=eyJhbGciOiJIUzI1NiIsInR5cCI6IkpXVCJ9.eyJpZCI6IjY2MGFlNjNhMzliZTk1NGY1NDliYjFkOSIsImlhdCI6MTcxMjA1ODY3NiwiZXhwIjoxNzEyNjYzNDc2fQ.apJgZVjP4cHMqGxAb-YCmNE-IqJHg6sYiuMMY5_5w_s',
          'content-length': '216726'
        },
        method: 'PUT',
        httpVersion: '1.1',
        originalUrl: '/api/v1/user/updateavatar',
        query: {}
      },
      res: { statusCode: 500 },
      responseTime: 3699
    }
  },
  timestamp: '2024-04-02T13:03:55.141Z'
}
{
  level: 'error',
  message: 'PUT /api/v1/user/updateavatar 500 43ms',
  metadata: {
    meta: {
      req: {
        url: '/api/v1/user/updateavatar',
        headers: {
          'user-agent': 'PostmanRuntime/7.37.0',
          accept: '*/*',
          'cache-control': 'no-cache',
          'postman-token': 'bc80d263-bfb8-4fdf-8ba4-2e909c648ef1',
          host: 'localhost:8080',
          'accept-encoding': 'gzip, deflate, br',
          connection: 'keep-alive',
          'content-type': 'multipart/form-data; boundary=--------------------------016330380981634297588059',
          cookie: 'token=eyJhbGciOiJIUzI1NiIsInR5cCI6IkpXVCJ9.eyJpZCI6IjY2MGFlNjNhMzliZTk1NGY1NDliYjFkOSIsImlhdCI6MTcxMjA1ODY3NiwiZXhwIjoxNzEyNjYzNDc2fQ.apJgZVjP4cHMqGxAb-YCmNE-IqJHg6sYiuMMY5_5w_s',
          'content-length': '216726'
        },
        method: 'PUT',
        httpVersion: '1.1',
        originalUrl: '/api/v1/user/updateavatar',
        query: {}
      },
      res: { statusCode: 500 },
      responseTime: 43
    }
  },
  timestamp: '2024-04-02T13:07:53.988Z'
}
{
  level: 'error',
  message: 'POST /api/v1/course/addlecture/660b10da3198bb8a5b7b69da 500 73ms',
  metadata: {
    meta: {
      req: {
        url: '/api/v1/course/addlecture/660b10da3198bb8a5b7b69da',
        headers: {
          'content-type': 'application/json',
          'user-agent': 'PostmanRuntime/7.37.0',
          accept: '*/*',
          'cache-control': 'no-cache',
          'postman-token': 'c1d9687c-ccc9-4300-b42c-b09077e2c3c4',
          host: 'localhost:8080',
          'accept-encoding': 'gzip, deflate, br',
          connection: 'keep-alive',
          'content-length': '71',
          cookie: 'token=eyJhbGciOiJIUzI1NiIsInR5cCI6IkpXVCJ9.eyJpZCI6IjY2MGFlNjNhMzliZTk1NGY1NDliYjFkOSIsImlhdCI6MTcxMjA1ODY3NiwiZXhwIjoxNzEyNjYzNDc2fQ.apJgZVjP4cHMqGxAb-YCmNE-IqJHg6sYiuMMY5_5w_s'
        },
        method: 'POST',
        httpVersion: '1.1',
        originalUrl: '/api/v1/course/addlecture/660b10da3198bb8a5b7b69da',
        query: {}
      },
      res: { statusCode: 500 },
      responseTime: 73
    }
  },
  timestamp: '2024-04-02T14:12:55.158Z'
}
