{
  level: 'warn',
  message: 'POST /api/v1/course/email 404 11ms',
  metadata: {
    meta: {
      req: {
        url: '/api/v1/course/email',
        headers: {
          'user-agent': 'PostmanRuntime/7.37.0',
          accept: '*/*',
          'cache-control': 'no-cache',
          'postman-token': 'b457620b-2fd5-4c7b-8d09-6829af48b586',
          host: 'localhost:8080',
          'accept-encoding': 'gzip, deflate, br',
          connection: 'keep-alive',
          cookie: 'token=eyJhbGciOiJIUzI1NiIsInR5cCI6IkpXVCJ9.eyJpZCI6IjY2MGFlNjNhMzliZTk1NGY1NDliYjFkOSIsImlhdCI6MTcxMTk5OTI4NSwiZXhwIjoxNzEyNjA0MDg1fQ.Zgybuh_vfZlDwjpYTf0Zs8Rhk3mMzmluKG-he2ZBNbk',
          'content-length': '0'
        },
        method: 'POST',
        httpVersion: '1.1',
        originalUrl: '/api/v1/course/email',
        query: {}
      },
      res: { statusCode: 404 },
      responseTime: 11
    }
  },
  timestamp: '2024-04-02T08:16:02.485Z'
}
{
  level: 'error',
  message: 'POST /api/v1/user/email 500 10231ms',
  metadata: {
    meta: {
      req: {
        url: '/api/v1/user/email',
        headers: {
          'user-agent': 'PostmanRuntime/7.37.0',
          accept: '*/*',
          'cache-control': 'no-cache',
          'postman-token': '5229ce8e-62a6-4586-8145-75cd16eca34f',
          host: 'localhost:8080',
          'accept-encoding': 'gzip, deflate, br',
          connection: 'keep-alive',
          cookie: 'token=eyJhbGciOiJIUzI1NiIsInR5cCI6IkpXVCJ9.eyJpZCI6IjY2MGFlNjNhMzliZTk1NGY1NDliYjFkOSIsImlhdCI6MTcxMTk5OTI4NSwiZXhwIjoxNzEyNjA0MDg1fQ.Zgybuh_vfZlDwjpYTf0Zs8Rhk3mMzmluKG-he2ZBNbk',
          'content-length': '0'
        },
        method: 'POST',
        httpVersion: '1.1',
        originalUrl: '/api/v1/user/email',
        query: {}
      },
      res: { statusCode: 500 },
      responseTime: 10231
    }
  },
  timestamp: '2024-04-02T08:17:19.819Z'
}
{
  level: 'warn',
  message: 'POST /api/v1/user/email 400 672ms',
  metadata: {
    meta: {
      req: {
        url: '/api/v1/user/email',
        headers: {
          'user-agent': 'PostmanRuntime/7.37.0',
          accept: '*/*',
          'cache-control': 'no-cache',
          'postman-token': '777aebb7-4379-46c8-8a78-a1d02db5cf83',
          host: 'localhost:8080',
          'accept-encoding': 'gzip, deflate, br',
          connection: 'keep-alive',
          cookie: 'token=eyJhbGciOiJIUzI1NiIsInR5cCI6IkpXVCJ9.eyJpZCI6IjY2MGFlNjNhMzliZTk1NGY1NDliYjFkOSIsImlhdCI6MTcxMTk5OTI4NSwiZXhwIjoxNzEyNjA0MDg1fQ.Zgybuh_vfZlDwjpYTf0Zs8Rhk3mMzmluKG-he2ZBNbk',
          'content-length': '0'
        },
        method: 'POST',
        httpVersion: '1.1',
        originalUrl: '/api/v1/user/email',
        query: {}
      },
      res: { statusCode: 400 },
      responseTime: 672
    }
  },
  timestamp: '2024-04-02T08:19:24.796Z'
}
{
  level: 'error',
  message: 'POST /api/v1/user/email 500 10170ms',
  metadata: {
    meta: {
      req: {
        url: '/api/v1/user/email',
        headers: {
          'user-agent': 'PostmanRuntime/7.37.0',
          accept: '*/*',
          'cache-control': 'no-cache',
          'postman-token': 'c0203999-6778-4049-bb79-48297cec2d64',
          host: 'localhost:8080',
          'accept-encoding': 'gzip, deflate, br',
          connection: 'keep-alive',
          cookie: 'token=eyJhbGciOiJIUzI1NiIsInR5cCI6IkpXVCJ9.eyJpZCI6IjY2MGFlNjNhMzliZTk1NGY1NDliYjFkOSIsImlhdCI6MTcxMTk5OTI4NSwiZXhwIjoxNzEyNjA0MDg1fQ.Zgybuh_vfZlDwjpYTf0Zs8Rhk3mMzmluKG-he2ZBNbk',
          'content-length': '0'
        },
        method: 'POST',
        httpVersion: '1.1',
        originalUrl: '/api/v1/user/email',
        query: {}
      },
      res: { statusCode: 500 },
      responseTime: 10170
    }
  },
  timestamp: '2024-04-02T08:20:12.535Z'
}
{
  level: 'error',
  message: 'POST /api/v1/user/register 500 64ms',
  metadata: {
    meta: {
      req: {
        url: '/api/v1/user/register',
        headers: {
          'user-agent': 'PostmanRuntime/7.37.0',
          accept: '*/*',
          'cache-control': 'no-cache',
          'postman-token': '9b4cea42-2416-490e-9985-f2ea7c973d02',
          host: 'localhost:8080',
          'accept-encoding': 'gzip, deflate, br',
          connection: 'keep-alive',
          'content-type': 'multipart/form-data; boundary=--------------------------507471707308793349422352',
          cookie: 'token=eyJhbGciOiJIUzI1NiIsInR5cCI6IkpXVCJ9.eyJpZCI6IjY2MGFlNjNhMzliZTk1NGY1NDliYjFkOSIsImlhdCI6MTcxMTk5OTI4NSwiZXhwIjoxNzEyNjA0MDg1fQ.Zgybuh_vfZlDwjpYTf0Zs8Rhk3mMzmluKG-he2ZBNbk',
          'content-length': '164756'
        },
        method: 'POST',
        httpVersion: '1.1',
        originalUrl: '/api/v1/user/register',
        query: {}
      },
      res: { statusCode: 500 },
      responseTime: 64
    }
  },
  timestamp: '2024-04-02T08:39:24.298Z'
}
{
  level: 'error',
  message: 'POST /api/v1/user/register 500 13855ms',
  metadata: {
    meta: {
      req: {
        url: '/api/v1/user/register',
        headers: {
          'user-agent': 'PostmanRuntime/7.37.0',
          accept: '*/*',
          'cache-control': 'no-cache',
          'postman-token': '43e2847c-2a6b-46b2-99d3-4d1c4b3b6bf1',
          host: 'localhost:8080',
          'accept-encoding': 'gzip, deflate, br',
          connection: 'keep-alive',
          'content-type': 'multipart/form-data; boundary=--------------------------959177025027201649157203',
          cookie: 'token=eyJhbGciOiJIUzI1NiIsInR5cCI6IkpXVCJ9.eyJpZCI6IjY2MGFlNjNhMzliZTk1NGY1NDliYjFkOSIsImlhdCI6MTcxMTk5OTI4NSwiZXhwIjoxNzEyNjA0MDg1fQ.Zgybuh_vfZlDwjpYTf0Zs8Rhk3mMzmluKG-he2ZBNbk',
          'content-length': '164757'
        },
        method: 'POST',
        httpVersion: '1.1',
        originalUrl: '/api/v1/user/register',
        query: {}
      },
      res: { statusCode: 500 },
      responseTime: 13855
    }
  },
  timestamp: '2024-04-02T08:40:05.555Z'
}
{
  level: 'error',
  message: 'POST /api/v1/user/forgotpassword 500 46ms',
  metadata: {
    meta: {
      req: {
        url: '/api/v1/user/forgotpassword',
        headers: {
          'content-type': 'application/json',
          'user-agent': 'PostmanRuntime/7.37.0',
          accept: '*/*',
          'cache-control': 'no-cache',
          'postman-token': '42e5493f-9b57-4996-8572-f9b2828331fe',
          host: 'localhost:8080',
          'accept-encoding': 'gzip, deflate, br',
          connection: 'keep-alive',
          'content-length': '38',
          cookie: 'token=eyJhbGciOiJIUzI1NiIsInR5cCI6IkpXVCJ9.eyJpZCI6IjY2MGFlNjNhMzliZTk1NGY1NDliYjFkOSIsImlhdCI6MTcxMTk5OTI4NSwiZXhwIjoxNzEyNjA0MDg1fQ.Zgybuh_vfZlDwjpYTf0Zs8Rhk3mMzmluKG-he2ZBNbk'
        },
        method: 'POST',
        httpVersion: '1.1',
        originalUrl: '/api/v1/user/forgotpassword',
        query: {}
      },
      res: { statusCode: 500 },
      responseTime: 46
    }
  },
  timestamp: '2024-04-02T11:19:16.712Z'
}
{
  level: 'error',
  message: 'POST /api/v1/user/forgotpassword 500 7ms',
  metadata: {
    meta: {
      req: {
        url: '/api/v1/user/forgotpassword',
        headers: {
          'content-type': 'application/json',
          'user-agent': 'PostmanRuntime/7.37.0',
          accept: '*/*',
          'cache-control': 'no-cache',
          'postman-token': '7bc1c19d-be5c-4f3f-93f5-6266612e241c',
          host: 'localhost:8080',
          'accept-encoding': 'gzip, deflate, br',
          connection: 'keep-alive',
          'content-length': '37',
          cookie: 'token=eyJhbGciOiJIUzI1NiIsInR5cCI6IkpXVCJ9.eyJpZCI6IjY2MGFlNjNhMzliZTk1NGY1NDliYjFkOSIsImlhdCI6MTcxMTk5OTI4NSwiZXhwIjoxNzEyNjA0MDg1fQ.Zgybuh_vfZlDwjpYTf0Zs8Rhk3mMzmluKG-he2ZBNbk'
        },
        method: 'POST',
        httpVersion: '1.1',
        originalUrl: '/api/v1/user/forgotpassword',
        query: {}
      },
      res: { statusCode: 500 },
      responseTime: 7
    }
  },
  timestamp: '2024-04-02T11:22:58.153Z'
}
{
  level: 'error',
  message: 'PUT /api/v1/user/changepassword/eyJhbGciOiJIUzI1NiIsInR5cCI6IkpXVCJ9.eyJpZCI6IjY2MGFlNjNhMzliZTk1NGY1NDliYjFkOSIsImlhdCI6MTcxMjA1ODY3NiwiZXhwIjoxNzEyNjYzNDc2fQ.apJgZVjP4cHMqGxAb-YCmNE-IqJHg6sYiuMMY5_5w_s 500 3ms',
  metadata: {
    meta: {
      req: {
        url: '/api/v1/user/changepassword/eyJhbGciOiJIUzI1NiIsInR5cCI6IkpXVCJ9.eyJpZCI6IjY2MGFlNjNhMzliZTk1NGY1NDliYjFkOSIsImlhdCI6MTcxMjA1ODY3NiwiZXhwIjoxNzEyNjYzNDc2fQ.apJgZVjP4cHMqGxAb-YCmNE-IqJHg6sYiuMMY5_5w_s',
        headers: {
          'user-agent': 'PostmanRuntime/7.37.0',
          accept: '*/*',
          'cache-control': 'no-cache',
          'postman-token': 'fb06dc2b-d41b-4578-948d-4cf78435811c',
          host: 'localhost:8080',
          'accept-encoding': 'gzip, deflate, br',
          connection: 'keep-alive',
          cookie: 'token=eyJhbGciOiJIUzI1NiIsInR5cCI6IkpXVCJ9.eyJpZCI6IjY2MGFlNjNhMzliZTk1NGY1NDliYjFkOSIsImlhdCI6MTcxMjA1ODY3NiwiZXhwIjoxNzEyNjYzNDc2fQ.apJgZVjP4cHMqGxAb-YCmNE-IqJHg6sYiuMMY5_5w_s',
          'content-length': '0'
        },
        method: 'PUT',
        httpVersion: '1.1',
        originalUrl: '/api/v1/user/changepassword/eyJhbGciOiJIUzI1NiIsInR5cCI6IkpXVCJ9.eyJpZCI6IjY2MGFlNjNhMzliZTk1NGY1NDliYjFkOSIsImlhdCI6MTcxMjA1ODY3NiwiZXhwIjoxNzEyNjYzNDc2fQ.apJgZVjP4cHMqGxAb-YCmNE-IqJHg6sYiuMMY5_5w_s',
        query: {}
      },
      res: { statusCode: 500 },
      responseTime: 3
    }
  },
  timestamp: '2024-04-02T11:52:24.242Z'
}
{
  level: 'error',
  message: 'PUT /api/v1/user/changepassword/eyJhbGciOiJIUzI1NiIsInR5cCI6IkpXVCJ9.eyJpZCI6IjY2MGFlNjNhMzliZTk1NGY1NDliYjFkOSIsImlhdCI6MTcxMjA1ODY3NiwiZXhwIjoxNzEyNjYzNDc2fQ.apJgZVjP4cHMqGxAb-YCmNE-IqJHg6sYiuMMY5_5w_s 500 25ms',
  metadata: {
    meta: {
      req: {
        url: '/api/v1/user/changepassword/eyJhbGciOiJIUzI1NiIsInR5cCI6IkpXVCJ9.eyJpZCI6IjY2MGFlNjNhMzliZTk1NGY1NDliYjFkOSIsImlhdCI6MTcxMjA1ODY3NiwiZXhwIjoxNzEyNjYzNDc2fQ.apJgZVjP4cHMqGxAb-YCmNE-IqJHg6sYiuMMY5_5w_s',
        headers: {
          'user-agent': 'PostmanRuntime/7.37.0',
          accept: '*/*',
          'cache-control': 'no-cache',
          'postman-token': 'ff0c2588-bba4-4512-8056-e22d76410c9e',
          host: 'localhost:8080',
          'accept-encoding': 'gzip, deflate, br',
          connection: 'keep-alive',
          cookie: 'token=eyJhbGciOiJIUzI1NiIsInR5cCI6IkpXVCJ9.eyJpZCI6IjY2MGFlNjNhMzliZTk1NGY1NDliYjFkOSIsImlhdCI6MTcxMjA1ODY3NiwiZXhwIjoxNzEyNjYzNDc2fQ.apJgZVjP4cHMqGxAb-YCmNE-IqJHg6sYiuMMY5_5w_s',
          'content-length': '0'
        },
        method: 'PUT',
        httpVersion: '1.1',
        originalUrl: '/api/v1/user/changepassword/eyJhbGciOiJIUzI1NiIsInR5cCI6IkpXVCJ9.eyJpZCI6IjY2MGFlNjNhMzliZTk1NGY1NDliYjFkOSIsImlhdCI6MTcxMjA1ODY3NiwiZXhwIjoxNzEyNjYzNDc2fQ.apJgZVjP4cHMqGxAb-YCmNE-IqJHg6sYiuMMY5_5w_s',
        query: {}
      },
      res: { statusCode: 500 },
      responseTime: 25
    }
  },
  timestamp: '2024-04-02T11:54:13.130Z'
}
{
  level: 'error',
  message: 'POST /api/v1/user/register 500 28ms',
  metadata: {
    meta: {
      req: {
        url: '/api/v1/user/register',
        headers: {
          'user-agent': 'PostmanRuntime/7.37.0',
          accept: '*/*',
          'cache-control': 'no-cache',
          'postman-token': '949bae78-10e9-447f-9c22-70d94ca9c345',
          host: 'localhost:8080',
          'accept-encoding': 'gzip, deflate, br',
          connection: 'keep-alive',
          'content-type': 'multipart/form-data; boundary=--------------------------485948938064761825696984',
          cookie: 'token=eyJhbGciOiJIUzI1NiIsInR5cCI6IkpXVCJ9.eyJpZCI6IjY2MGFlNjNhMzliZTk1NGY1NDliYjFkOSIsImlhdCI6MTcxMjA1ODY3NiwiZXhwIjoxNzEyNjYzNDc2fQ.apJgZVjP4cHMqGxAb-YCmNE-IqJHg6sYiuMMY5_5w_s',
          'content-length': '164756'
        },
        method: 'POST',
        httpVersion: '1.1',
        originalUrl: '/api/v1/user/register',
        query: {}
      },
      res: { statusCode: 500 },
      responseTime: 28
    }
  },
  timestamp: '2024-04-02T12:05:03.439Z'
}
{
  level: 'error',
  message: 'POST /api/v1/user/register 500 9ms',
  metadata: {
    meta: {
      req: {
        url: '/api/v1/user/register',
        headers: {
          'user-agent': 'PostmanRuntime/7.37.0',
          accept: '*/*',
          'cache-control': 'no-cache',
          'postman-token': 'c085eac3-d2d5-45b6-a6cb-8d1686b7eb06',
          host: 'localhost:8080',
          'accept-encoding': 'gzip, deflate, br',
          connection: 'keep-alive',
          'content-type': 'multipart/form-data; boundary=--------------------------842643227375599538064428',
          cookie: 'token=eyJhbGciOiJIUzI1NiIsInR5cCI6IkpXVCJ9.eyJpZCI6IjY2MGFlNjNhMzliZTk1NGY1NDliYjFkOSIsImlhdCI6MTcxMjA1ODY3NiwiZXhwIjoxNzEyNjYzNDc2fQ.apJgZVjP4cHMqGxAb-YCmNE-IqJHg6sYiuMMY5_5w_s',
          'content-length': '164756'
        },
        method: 'POST',
        httpVersion: '1.1',
        originalUrl: '/api/v1/user/register',
        query: {}
      },
      res: { statusCode: 500 },
      responseTime: 9
    }
  },
  timestamp: '2024-04-02T12:05:10.513Z'
}
{
  level: 'warn',
  message: 'POST /api/v1/user/register 400 3339ms',
  metadata: {
    meta: {
      req: {
        url: '/api/v1/user/register',
        headers: {
          'user-agent': 'PostmanRuntime/7.37.0',
          accept: '*/*',
          'cache-control': 'no-cache',
          'postman-token': '721531d2-947e-43c6-acd3-896ede363844',
          host: 'localhost:8080',
          'accept-encoding': 'gzip, deflate, br',
          connection: 'keep-alive',
          'content-type': 'multipart/form-data; boundary=--------------------------508035376945514431514078',
          cookie: 'token=eyJhbGciOiJIUzI1NiIsInR5cCI6IkpXVCJ9.eyJpZCI6IjY2MGFlNjNhMzliZTk1NGY1NDliYjFkOSIsImlhdCI6MTcxMjA1ODY3NiwiZXhwIjoxNzEyNjYzNDc2fQ.apJgZVjP4cHMqGxAb-YCmNE-IqJHg6sYiuMMY5_5w_s',
          'content-length': '164757'
        },
        method: 'POST',
        httpVersion: '1.1',
        originalUrl: '/api/v1/user/register',
        query: {}
      },
      res: { statusCode: 400 },
      responseTime: 3339
    }
  },
  timestamp: '2024-04-02T12:05:28.718Z'
}
{
  level: 'error',
  message: 'PUT /api/v1/user/updateavatar 500 83ms',
  metadata: {
    meta: {
      req: {
        url: '/api/v1/user/updateavatar',
        headers: {
          'user-agent': 'PostmanRuntime/7.37.0',
          accept: '*/*',
          'cache-control': 'no-cache',
          'postman-token': '8725cd8a-cc1c-48dd-a5a5-275299007071',
          host: 'localhost:8080',
          'accept-encoding': 'gzip, deflate, br',
          connection: 'keep-alive',
          'content-type': 'multipart/form-data; boundary=--------------------------596933906421025370175405',
          cookie: 'token=eyJhbGciOiJIUzI1NiIsInR5cCI6IkpXVCJ9.eyJpZCI6IjY2MGFlNjNhMzliZTk1NGY1NDliYjFkOSIsImlhdCI6MTcxMjA1ODY3NiwiZXhwIjoxNzEyNjYzNDc2fQ.apJgZVjP4cHMqGxAb-YCmNE-IqJHg6sYiuMMY5_5w_s',
          'content-length': '216726'
        },
        method: 'PUT',
        httpVersion: '1.1',
        originalUrl: '/api/v1/user/updateavatar',
        query: {}
      },
      res: { statusCode: 500 },
      responseTime: 83
    }
  },
  timestamp: '2024-04-02T12:54:33.272Z'
}
{
  level: 'error',
  message: 'PUT /api/v1/user/updateavatar 500 39ms',
  metadata: {
    meta: {
      req: {
        url: '/api/v1/user/updateavatar',
        headers: {
          'user-agent': 'PostmanRuntime/7.37.0',
          accept: '*/*',
          'cache-control': 'no-cache',
          'postman-token': '1f28097a-ab29-4511-933d-d0955f7735f0',
          host: 'localhost:8080',
          'accept-encoding': 'gzip, deflate, br',
          connection: 'keep-alive',
          'content-type': 'multipart/form-data; boundary=--------------------------782619606363924493124169',
          cookie: 'token=eyJhbGciOiJIUzI1NiIsInR5cCI6IkpXVCJ9.eyJpZCI6IjY2MGFlNjNhMzliZTk1NGY1NDliYjFkOSIsImlhdCI6MTcxMjA1ODY3NiwiZXhwIjoxNzEyNjYzNDc2fQ.apJgZVjP4cHMqGxAb-YCmNE-IqJHg6sYiuMMY5_5w_s',
          'content-length': '216726'
        },
        method: 'PUT',
        httpVersion: '1.1',
        originalUrl: '/api/v1/user/updateavatar',
        query: {}
      },
      res: { statusCode: 500 },
      responseTime: 39
    }
  },
  timestamp: '2024-04-02T12:58:36.336Z'
}
{
  level: 'error',
  message: 'PUT /api/v1/user/updateavatar 500 54ms',
  metadata: {
    meta: {
      req: {
        url: '/api/v1/user/updateavatar',
        headers: {
          'user-agent': 'PostmanRuntime/7.37.0',
          accept: '*/*',
          'cache-control': 'no-cache',
          'postman-token': '2762282b-ceec-44de-9677-4bc872ac17a7',
          host: 'localhost:8080',
          'accept-encoding': 'gzip, deflate, br',
          connection: 'keep-alive',
          'content-type': 'multipart/form-data; boundary=--------------------------127243586732282946935740',
          cookie: 'token=eyJhbGciOiJIUzI1NiIsInR5cCI6IkpXVCJ9.eyJpZCI6IjY2MGFlNjNhMzliZTk1NGY1NDliYjFkOSIsImlhdCI6MTcxMjA1ODY3NiwiZXhwIjoxNzEyNjYzNDc2fQ.apJgZVjP4cHMqGxAb-YCmNE-IqJHg6sYiuMMY5_5w_s',
          'content-length': '216726'
        },
        method: 'PUT',
        httpVersion: '1.1',
        originalUrl: '/api/v1/user/updateavatar',
        query: {}
      },
      res: { statusCode: 500 },
      responseTime: 54
    }
  },
  timestamp: '2024-04-02T12:59:30.212Z'
}
{
  level: 'error',
  message: 'PUT /api/v1/user/updateavatar 500 3484ms',
  metadata: {
    meta: {
      req: {
        url: '/api/v1/user/updateavatar',
        headers: {
          'user-agent': 'PostmanRuntime/7.37.0',
          accept: '*/*',
          'cache-control': 'no-cache',
          'postman-token': '8a3824a2-ac45-4f7a-9687-0b9fba788847',
          host: 'localhost:8080',
          'accept-encoding': 'gzip, deflate, br',
          connection: 'keep-alive',
          'content-type': 'multipart/form-data; boundary=--------------------------247226631430620306790098',
          cookie: 'token=eyJhbGciOiJIUzI1NiIsInR5cCI6IkpXVCJ9.eyJpZCI6IjY2MGFlNjNhMzliZTk1NGY1NDliYjFkOSIsImlhdCI6MTcxMjA1ODY3NiwiZXhwIjoxNzEyNjYzNDc2fQ.apJgZVjP4cHMqGxAb-YCmNE-IqJHg6sYiuMMY5_5w_s',
          'content-length': '216726'
        },
        method: 'PUT',
        httpVersion: '1.1',
        originalUrl: '/api/v1/user/updateavatar',
        query: {}
      },
      res: { statusCode: 500 },
      responseTime: 3484
    }
  },
  timestamp: '2024-04-02T13:00:48.342Z'
}
{
  level: 'error',
  message: 'PUT /api/v1/user/updateavatar 500 3639ms',
  metadata: {
    meta: {
      req: {
        url: '/api/v1/user/updateavatar',
        headers: {
          'user-agent': 'PostmanRuntime/7.37.0',
          accept: '*/*',
          'cache-control': 'no-cache',
          'postman-token': '1afe1db0-dda0-446d-90e4-fa9ac60f1162',
          host: 'localhost:8080',
          'accept-encoding': 'gzip, deflate, br',
          connection: 'keep-alive',
          'content-type': 'multipart/form-data; boundary=--------------------------086409637046740490327897',
          cookie: 'token=eyJhbGciOiJIUzI1NiIsInR5cCI6IkpXVCJ9.eyJpZCI6IjY2MGFlNjNhMzliZTk1NGY1NDliYjFkOSIsImlhdCI6MTcxMjA1ODY3NiwiZXhwIjoxNzEyNjYzNDc2fQ.apJgZVjP4cHMqGxAb-YCmNE-IqJHg6sYiuMMY5_5w_s',
          'content-length': '216726'
        },
        method: 'PUT',
        httpVersion: '1.1',
        originalUrl: '/api/v1/user/updateavatar',
        query: {}
      },
      res: { statusCode: 500 },
      responseTime: 3639
    }
  },
  timestamp: '2024-04-02T13:02:29.516Z'
}
{
  level: 'error',
  message: 'PUT /api/v1/user/updateavatar 500 3699ms',
  metadata: {
    meta: {
      req: {
        url: '/api/v1/user/updateavatar',
        headers: {
          'user-agent': 'PostmanRuntime/7.37.0',
          accept: '*/*',
          'cache-control': 'no-cache',
          'postman-token': '15c73312-0e64-4ae2-bc6a-c29bd66f84f3',
          host: 'localhost:8080',
          'accept-encoding': 'gzip, deflate, br',
          connection: 'keep-alive',
          'content-type': 'multipart/form-data; boundary=--------------------------949513499260574982756681',
          cookie: 'token=eyJhbGciOiJIUzI1NiIsInR5cCI6IkpXVCJ9.eyJpZCI6IjY2MGFlNjNhMzliZTk1NGY1NDliYjFkOSIsImlhdCI6MTcxMjA1ODY3NiwiZXhwIjoxNzEyNjYzNDc2fQ.apJgZVjP4cHMqGxAb-YCmNE-IqJHg6sYiuMMY5_5w_s',
          'content-length': '216726'
        },
        method: 'PUT',
        httpVersion: '1.1',
        originalUrl: '/api/v1/user/updateavatar',
        query: {}
      },
      res: { statusCode: 500 },
      responseTime: 3699
    }
  },
  timestamp: '2024-04-02T13:03:55.141Z'
}
{
  level: 'error',
  message: 'PUT /api/v1/user/updateavatar 500 43ms',
  metadata: {
    meta: {
      req: {
        url: '/api/v1/user/updateavatar',
        headers: {
          'user-agent': 'PostmanRuntime/7.37.0',
          accept: '*/*',
          'cache-control': 'no-cache',
          'postman-token': 'bc80d263-bfb8-4fdf-8ba4-2e909c648ef1',
          host: 'localhost:8080',
          'accept-encoding': 'gzip, deflate, br',
          connection: 'keep-alive',
          'content-type': 'multipart/form-data; boundary=--------------------------016330380981634297588059',
          cookie: 'token=eyJhbGciOiJIUzI1NiIsInR5cCI6IkpXVCJ9.eyJpZCI6IjY2MGFlNjNhMzliZTk1NGY1NDliYjFkOSIsImlhdCI6MTcxMjA1ODY3NiwiZXhwIjoxNzEyNjYzNDc2fQ.apJgZVjP4cHMqGxAb-YCmNE-IqJHg6sYiuMMY5_5w_s',
          'content-length': '216726'
        },
        method: 'PUT',
        httpVersion: '1.1',
        originalUrl: '/api/v1/user/updateavatar',
        query: {}
      },
      res: { statusCode: 500 },
      responseTime: 43
    }
  },
  timestamp: '2024-04-02T13:07:53.988Z'
}
{
  level: 'error',
  message: 'POST /api/v1/course/addlecture/660b10da3198bb8a5b7b69da 500 73ms',
  metadata: {
    meta: {
      req: {
        url: '/api/v1/course/addlecture/660b10da3198bb8a5b7b69da',
        headers: {
          'content-type': 'application/json',
          'user-agent': 'PostmanRuntime/7.37.0',
          accept: '*/*',
          'cache-control': 'no-cache',
          'postman-token': 'c1d9687c-ccc9-4300-b42c-b09077e2c3c4',
          host: 'localhost:8080',
          'accept-encoding': 'gzip, deflate, br',
          connection: 'keep-alive',
          'content-length': '71',
          cookie: 'token=eyJhbGciOiJIUzI1NiIsInR5cCI6IkpXVCJ9.eyJpZCI6IjY2MGFlNjNhMzliZTk1NGY1NDliYjFkOSIsImlhdCI6MTcxMjA1ODY3NiwiZXhwIjoxNzEyNjYzNDc2fQ.apJgZVjP4cHMqGxAb-YCmNE-IqJHg6sYiuMMY5_5w_s'
        },
        method: 'POST',
        httpVersion: '1.1',
        originalUrl: '/api/v1/course/addlecture/660b10da3198bb8a5b7b69da',
        query: {}
      },
      res: { statusCode: 500 },
      responseTime: 73
    }
  },
  timestamp: '2024-04-02T14:12:55.158Z'
}
{
  level: 'error',
  message: 'POST /api/v1/course/enrolluser/660b10da3198bb8a5b7b69da 500 148ms',
  metadata: {
    meta: {
      req: {
        url: '/api/v1/course/enrolluser/660b10da3198bb8a5b7b69da',
        headers: {
          'user-agent': 'PostmanRuntime/7.37.0',
          accept: '*/*',
          'cache-control': 'no-cache',
          'postman-token': '9392cf3a-f79e-4c6d-ac68-f5f6877d9a37',
          host: 'localhost:8080',
          'accept-encoding': 'gzip, deflate, br',
          connection: 'keep-alive',
          'content-length': '0'
        },
        method: 'POST',
        httpVersion: '1.1',
        originalUrl: '/api/v1/course/enrolluser/660b10da3198bb8a5b7b69da',
        query: {}
      },
      res: { statusCode: 500 },
      responseTime: 148
    }
  },
  timestamp: '2024-04-03T17:29:44.113Z'
}
{
  level: 'error',
  message: 'POST /api/v1/user/login 500 10465ms',
  metadata: {
    meta: {
      req: {
        url: '/api/v1/user/login',
        headers: {
          'content-type': 'application/json',
          'user-agent': 'PostmanRuntime/7.37.0',
          accept: '*/*',
          'cache-control': 'no-cache',
          'postman-token': '9e432e26-1720-4dbc-9257-45387cd629be',
          host: 'localhost:8080',
          'accept-encoding': 'gzip, deflate, br',
          connection: 'keep-alive',
          'content-length': '94'
        },
        method: 'POST',
        httpVersion: '1.1',
        originalUrl: '/api/v1/user/login',
        query: {}
      },
      res: { statusCode: 500 },
      responseTime: 10465
    }
  },
  timestamp: '2024-04-03T17:30:18.836Z'
}
{
  level: 'error',
  message: 'POST /api/v1/user/register 500 10063ms',
  metadata: {
    meta: {
      req: {
        url: '/api/v1/user/register',
        headers: {
          'user-agent': 'PostmanRuntime/7.37.0',
          accept: '*/*',
          'cache-control': 'no-cache',
          'postman-token': '566786e3-f20b-4bf2-b75a-53fd1b660c69',
          host: 'localhost:8080',
          'accept-encoding': 'gzip, deflate, br',
          connection: 'keep-alive',
          'content-type': 'multipart/form-data; boundary=--------------------------291351079031522994117858',
          'content-length': '164757'
        },
        method: 'POST',
        httpVersion: '1.1',
        originalUrl: '/api/v1/user/register',
        query: {}
      },
      res: { statusCode: 500 },
      responseTime: 10063
    }
  },
  timestamp: '2024-04-03T17:30:47.527Z'
}
{
  level: 'warn',
  message: 'POST /api/v1/course/enrolluser/660b10da3198bb8a5b7b69da 400 35ms',
  metadata: {
    meta: {
      req: {
        url: '/api/v1/course/enrolluser/660b10da3198bb8a5b7b69da',
        headers: {
          'user-agent': 'PostmanRuntime/7.37.0',
          accept: '*/*',
          'cache-control': 'no-cache',
          'postman-token': '271200cb-9cf0-4e3b-b348-246057c44aae',
          host: 'localhost:8080',
          'accept-encoding': 'gzip, deflate, br',
          connection: 'keep-alive',
          cookie: 'token=eyJhbGciOiJIUzI1NiIsInR5cCI6IkpXVCJ9.eyJpZCI6IjY2MGFlNjNhMzliZTk1NGY1NDliYjFkOSIsImlhdCI6MTcxMjE2NTYxNywiZXhwIjoxNzEyNzcwNDE3fQ.h3wBqAej1Z2Wc_Ucf3ZTBeC-_YI_GPL-VfHikZIMlhY',
          'content-length': '0'
        },
        method: 'POST',
        httpVersion: '1.1',
        originalUrl: '/api/v1/course/enrolluser/660b10da3198bb8a5b7b69da',
        query: {}
      },
      res: { statusCode: 400 },
      responseTime: 35
    }
  },
  timestamp: '2024-04-03T17:33:52.763Z'
}
{
  level: 'warn',
  message: 'POST /api/v1/course/enrolluser/660ae63a39be954f549bb1d9 404 17ms',
  metadata: {
    meta: {
      req: {
        url: '/api/v1/course/enrolluser/660ae63a39be954f549bb1d9',
        headers: {
          'user-agent': 'PostmanRuntime/7.37.0',
          accept: '*/*',
          'cache-control': 'no-cache',
          'postman-token': 'c2c989ad-ee10-430c-ac79-83adf9c5b295',
          host: 'localhost:8080',
          'accept-encoding': 'gzip, deflate, br',
          connection: 'keep-alive',
          cookie: 'token=eyJhbGciOiJIUzI1NiIsInR5cCI6IkpXVCJ9.eyJpZCI6IjY2MGFlNjNhMzliZTk1NGY1NDliYjFkOSIsImlhdCI6MTcxMjE2NTYxNywiZXhwIjoxNzEyNzcwNDE3fQ.h3wBqAej1Z2Wc_Ucf3ZTBeC-_YI_GPL-VfHikZIMlhY',
          'content-length': '0'
        },
        method: 'POST',
        httpVersion: '1.1',
        originalUrl: '/api/v1/course/enrolluser/660ae63a39be954f549bb1d9',
        query: {}
      },
      res: { statusCode: 404 },
      responseTime: 17
    }
  },
  timestamp: '2024-04-03T17:34:47.059Z'
}
{
  level: 'warn',
  message: 'POST /api/v1/course/enrolluser/660bb44d8e708a43b8a9357d 404 38ms',
  metadata: {
    meta: {
      req: {
        url: '/api/v1/course/enrolluser/660bb44d8e708a43b8a9357d',
        headers: {
          'user-agent': 'PostmanRuntime/7.37.0',
          accept: '*/*',
          'cache-control': 'no-cache',
          'postman-token': '3b0ebe39-5c7c-4786-9cb5-2e67aa17af25',
          host: 'localhost:8080',
          'accept-encoding': 'gzip, deflate, br',
          connection: 'keep-alive',
          cookie: 'token=eyJhbGciOiJIUzI1NiIsInR5cCI6IkpXVCJ9.eyJpZCI6IjY2MGFlNjNhMzliZTk1NGY1NDliYjFkOSIsImlhdCI6MTcxMjE2NTYxNywiZXhwIjoxNzEyNzcwNDE3fQ.h3wBqAej1Z2Wc_Ucf3ZTBeC-_YI_GPL-VfHikZIMlhY',
          'content-length': '0'
        },
        method: 'POST',
        httpVersion: '1.1',
        originalUrl: '/api/v1/course/enrolluser/660bb44d8e708a43b8a9357d',
        query: {}
      },
      res: { statusCode: 404 },
      responseTime: 38
    }
  },
  timestamp: '2024-04-03T17:35:37.877Z'
}
{
  level: 'warn',
  message: 'POST /api/v1/course/enrolluser/660b2f7aab0e87e1eaf1ff7b 404 54ms',
  metadata: {
    meta: {
      req: {
        url: '/api/v1/course/enrolluser/660b2f7aab0e87e1eaf1ff7b',
        headers: {
          'user-agent': 'PostmanRuntime/7.37.0',
          accept: '*/*',
          'cache-control': 'no-cache',
          'postman-token': 'b3cd4ae0-d5e8-4c70-87f3-57e84de6c24f',
          host: 'localhost:8080',
          'accept-encoding': 'gzip, deflate, br',
          connection: 'keep-alive',
          cookie: 'token=eyJhbGciOiJIUzI1NiIsInR5cCI6IkpXVCJ9.eyJpZCI6IjY2MGFlNjNhMzliZTk1NGY1NDliYjFkOSIsImlhdCI6MTcxMjE2NTYxNywiZXhwIjoxNzEyNzcwNDE3fQ.h3wBqAej1Z2Wc_Ucf3ZTBeC-_YI_GPL-VfHikZIMlhY',
          'content-length': '0'
        },
        method: 'POST',
        httpVersion: '1.1',
        originalUrl: '/api/v1/course/enrolluser/660b2f7aab0e87e1eaf1ff7b',
        query: {}
      },
      res: { statusCode: 404 },
      responseTime: 54
    }
  },
  timestamp: '2024-04-03T17:38:07.540Z'
}
{
  level: 'warn',
  message: 'POST /api/v1/course/enrolluser/660b2f7aab0e87e1eaf1ff7b 404 67ms',
  metadata: {
    meta: {
      req: {
        url: '/api/v1/course/enrolluser/660b2f7aab0e87e1eaf1ff7b',
        headers: {
          'user-agent': 'PostmanRuntime/7.37.0',
          accept: '*/*',
          'cache-control': 'no-cache',
          'postman-token': '93b3c96c-156c-49a4-b86d-bd740f63ba16',
          host: 'localhost:8080',
          'accept-encoding': 'gzip, deflate, br',
          connection: 'keep-alive',
          cookie: 'token=eyJhbGciOiJIUzI1NiIsInR5cCI6IkpXVCJ9.eyJpZCI6IjY2MGFlNjNhMzliZTk1NGY1NDliYjFkOSIsImlhdCI6MTcxMjE2NTYxNywiZXhwIjoxNzEyNzcwNDE3fQ.h3wBqAej1Z2Wc_Ucf3ZTBeC-_YI_GPL-VfHikZIMlhY',
          'content-length': '0'
        },
        method: 'POST',
        httpVersion: '1.1',
        originalUrl: '/api/v1/course/enrolluser/660b2f7aab0e87e1eaf1ff7b',
        query: {}
      },
      res: { statusCode: 404 },
      responseTime: 67
    }
  },
  timestamp: '2024-04-03T17:40:27.677Z'
}
{
  level: 'warn',
  message: 'POST /api/v1/course/enrolluser/660b2f7aab0e87e1eaf1ff7b 404 106ms',
  metadata: {
    meta: {
      req: {
        url: '/api/v1/course/enrolluser/660b2f7aab0e87e1eaf1ff7b',
        headers: {
          'user-agent': 'PostmanRuntime/7.37.0',
          accept: '*/*',
          'cache-control': 'no-cache',
          'postman-token': '62ea5e2e-fa9a-49f9-8d28-0da8712742bc',
          host: 'localhost:8080',
          'accept-encoding': 'gzip, deflate, br',
          connection: 'keep-alive',
          cookie: 'token=eyJhbGciOiJIUzI1NiIsInR5cCI6IkpXVCJ9.eyJpZCI6IjY2MGFlNjNhMzliZTk1NGY1NDliYjFkOSIsImlhdCI6MTcxMjE2NTYxNywiZXhwIjoxNzEyNzcwNDE3fQ.h3wBqAej1Z2Wc_Ucf3ZTBeC-_YI_GPL-VfHikZIMlhY',
          'content-length': '0'
        },
        method: 'POST',
        httpVersion: '1.1',
        originalUrl: '/api/v1/course/enrolluser/660b2f7aab0e87e1eaf1ff7b',
        query: {}
      },
      res: { statusCode: 404 },
      responseTime: 106
    }
  },
  timestamp: '2024-04-03T17:46:32.038Z'
}
{
  level: 'warn',
  message: 'POST /api/v1/course/enrolluser/660b2f7aab0e87e1eaf1ff7b 404 23ms',
  metadata: {
    meta: {
      req: {
        url: '/api/v1/course/enrolluser/660b2f7aab0e87e1eaf1ff7b',
        headers: {
          'user-agent': 'PostmanRuntime/7.37.0',
          accept: '*/*',
          'cache-control': 'no-cache',
          'postman-token': 'aea1b50e-8ecb-4755-a9b9-6cde55ea0de9',
          host: 'localhost:8080',
          'accept-encoding': 'gzip, deflate, br',
          connection: 'keep-alive',
          cookie: 'token=eyJhbGciOiJIUzI1NiIsInR5cCI6IkpXVCJ9.eyJpZCI6IjY2MGFlNjNhMzliZTk1NGY1NDliYjFkOSIsImlhdCI6MTcxMjE2NTYxNywiZXhwIjoxNzEyNzcwNDE3fQ.h3wBqAej1Z2Wc_Ucf3ZTBeC-_YI_GPL-VfHikZIMlhY',
          'content-length': '0'
        },
        method: 'POST',
        httpVersion: '1.1',
        originalUrl: '/api/v1/course/enrolluser/660b2f7aab0e87e1eaf1ff7b',
        query: {}
      },
      res: { statusCode: 404 },
      responseTime: 23
    }
  },
  timestamp: '2024-04-03T17:46:39.164Z'
}
{
  level: 'error',
  message: 'POST /api/v1/course/enrolluser/660b2f7aab0e87e1eaf1ff7b 500 73ms',
  metadata: {
    meta: {
      req: {
        url: '/api/v1/course/enrolluser/660b2f7aab0e87e1eaf1ff7b',
        headers: {
          'user-agent': 'PostmanRuntime/7.37.0',
          accept: '*/*',
          'cache-control': 'no-cache',
          'postman-token': '68226a76-4369-4ed0-bc19-faa8804ca5a7',
          host: 'localhost:8080',
          'accept-encoding': 'gzip, deflate, br',
          connection: 'keep-alive',
          cookie: 'token=eyJhbGciOiJIUzI1NiIsInR5cCI6IkpXVCJ9.eyJpZCI6IjY2MGFlNjNhMzliZTk1NGY1NDliYjFkOSIsImlhdCI6MTcxMjE2NTYxNywiZXhwIjoxNzEyNzcwNDE3fQ.h3wBqAej1Z2Wc_Ucf3ZTBeC-_YI_GPL-VfHikZIMlhY',
          'content-length': '0'
        },
        method: 'POST',
        httpVersion: '1.1',
        originalUrl: '/api/v1/course/enrolluser/660b2f7aab0e87e1eaf1ff7b',
        query: {}
      },
      res: { statusCode: 500 },
      responseTime: 73
    }
  },
  timestamp: '2024-04-03T17:50:02.759Z'
}
{
  level: 'warn',
  message: 'POST /api/v1/course/enrolluser/660b2f7aab0e87e1eaf1ff7b 400 1026ms',
  metadata: {
    meta: {
      req: {
        url: '/api/v1/course/enrolluser/660b2f7aab0e87e1eaf1ff7b',
        headers: {
          'user-agent': 'PostmanRuntime/7.37.0',
          accept: '*/*',
          'cache-control': 'no-cache',
          'postman-token': '81e405b5-8587-4fe1-91d1-d2aa08255938',
          host: 'localhost:8080',
          'accept-encoding': 'gzip, deflate, br',
          connection: 'keep-alive',
          cookie: 'token=eyJhbGciOiJIUzI1NiIsInR5cCI6IkpXVCJ9.eyJpZCI6IjY2MGFlNjNhMzliZTk1NGY1NDliYjFkOSIsImlhdCI6MTcxMjE2NTYxNywiZXhwIjoxNzEyNzcwNDE3fQ.h3wBqAej1Z2Wc_Ucf3ZTBeC-_YI_GPL-VfHikZIMlhY',
          'content-length': '0'
        },
        method: 'POST',
        httpVersion: '1.1',
        originalUrl: '/api/v1/course/enrolluser/660b2f7aab0e87e1eaf1ff7b',
        query: {}
      },
      res: { statusCode: 400 },
      responseTime: 1026
    }
  },
  timestamp: '2024-04-03T17:54:11.134Z'
}
{
  level: 'warn',
  message: 'POST /api/v1/course/enrolluser/660b2f7aab0e87e1eaf1ff7b 400 852ms',
  metadata: {
    meta: {
      req: {
        url: '/api/v1/course/enrolluser/660b2f7aab0e87e1eaf1ff7b',
        headers: {
          'user-agent': 'PostmanRuntime/7.37.0',
          accept: '*/*',
          'cache-control': 'no-cache',
          'postman-token': '6e7c68d9-e22a-45e1-bdb1-869e35c91613',
          host: 'localhost:8080',
          'accept-encoding': 'gzip, deflate, br',
          connection: 'keep-alive',
          cookie: 'token=eyJhbGciOiJIUzI1NiIsInR5cCI6IkpXVCJ9.eyJpZCI6IjY2MGFlNjNhMzliZTk1NGY1NDliYjFkOSIsImlhdCI6MTcxMjE2NTYxNywiZXhwIjoxNzEyNzcwNDE3fQ.h3wBqAej1Z2Wc_Ucf3ZTBeC-_YI_GPL-VfHikZIMlhY',
          'content-length': '0'
        },
        method: 'POST',
        httpVersion: '1.1',
        originalUrl: '/api/v1/course/enrolluser/660b2f7aab0e87e1eaf1ff7b',
        query: {}
      },
      res: { statusCode: 400 },
      responseTime: 852
    }
  },
  timestamp: '2024-04-03T17:55:17.671Z'
}
{
  level: 'error',
  message: 'POST /api/v1/course/enrolluser/660b2f7aab0e87e1eaf1ff7b 500 76ms',
  metadata: {
    meta: {
      req: {
        url: '/api/v1/course/enrolluser/660b2f7aab0e87e1eaf1ff7b',
        headers: {
          'user-agent': 'PostmanRuntime/7.37.0',
          accept: '*/*',
          'cache-control': 'no-cache',
          'postman-token': '4975fee9-4ff7-41ea-9166-80a092a57c7b',
          host: 'localhost:8080',
          'accept-encoding': 'gzip, deflate, br',
          connection: 'keep-alive',
          cookie: 'token=eyJhbGciOiJIUzI1NiIsInR5cCI6IkpXVCJ9.eyJpZCI6IjY2MGFlNjNhMzliZTk1NGY1NDliYjFkOSIsImlhdCI6MTcxMjE2NTYxNywiZXhwIjoxNzEyNzcwNDE3fQ.h3wBqAej1Z2Wc_Ucf3ZTBeC-_YI_GPL-VfHikZIMlhY',
          'content-length': '0'
        },
        method: 'POST',
        httpVersion: '1.1',
        originalUrl: '/api/v1/course/enrolluser/660b2f7aab0e87e1eaf1ff7b',
        query: {}
      },
      res: { statusCode: 500 },
      responseTime: 76
    }
  },
  timestamp: '2024-04-03T18:00:43.751Z'
}
{
  level: 'error',
  message: 'POST /api/v1/course/enrolluser/660b2f7aab0e87e1eaf1ff7b 500 90ms',
  metadata: {
    meta: {
      req: {
        url: '/api/v1/course/enrolluser/660b2f7aab0e87e1eaf1ff7b',
        headers: {
          'user-agent': 'PostmanRuntime/7.37.0',
          accept: '*/*',
          'cache-control': 'no-cache',
          'postman-token': 'ea5f05ac-e405-477c-938b-4d62414acdec',
          host: 'localhost:8080',
          'accept-encoding': 'gzip, deflate, br',
          connection: 'keep-alive',
          cookie: 'token=eyJhbGciOiJIUzI1NiIsInR5cCI6IkpXVCJ9.eyJpZCI6IjY2MGFlNjNhMzliZTk1NGY1NDliYjFkOSIsImlhdCI6MTcxMjE2NTYxNywiZXhwIjoxNzEyNzcwNDE3fQ.h3wBqAej1Z2Wc_Ucf3ZTBeC-_YI_GPL-VfHikZIMlhY',
          'content-length': '0'
        },
        method: 'POST',
        httpVersion: '1.1',
        originalUrl: '/api/v1/course/enrolluser/660b2f7aab0e87e1eaf1ff7b',
        query: {}
      },
      res: { statusCode: 500 },
      responseTime: 90
    }
  },
  timestamp: '2024-04-03T18:03:34.408Z'
}
{
  level: 'error',
  message: 'POST /api/v1/course/enrolluser/660b2f7aab0e87e1eaf1ff7b 500 54ms',
  metadata: {
    meta: {
      req: {
        url: '/api/v1/course/enrolluser/660b2f7aab0e87e1eaf1ff7b',
        headers: {
          'user-agent': 'PostmanRuntime/7.37.0',
          accept: '*/*',
          'cache-control': 'no-cache',
          'postman-token': 'baf854c5-9002-4c67-80c2-2aa5896e9afb',
          host: 'localhost:8080',
          'accept-encoding': 'gzip, deflate, br',
          connection: 'keep-alive',
          cookie: 'token=eyJhbGciOiJIUzI1NiIsInR5cCI6IkpXVCJ9.eyJpZCI6IjY2MGFlNjNhMzliZTk1NGY1NDliYjFkOSIsImlhdCI6MTcxMjE2NTYxNywiZXhwIjoxNzEyNzcwNDE3fQ.h3wBqAej1Z2Wc_Ucf3ZTBeC-_YI_GPL-VfHikZIMlhY',
          'content-length': '0'
        },
        method: 'POST',
        httpVersion: '1.1',
        originalUrl: '/api/v1/course/enrolluser/660b2f7aab0e87e1eaf1ff7b',
        query: {}
      },
      res: { statusCode: 500 },
      responseTime: 54
    }
  },
  timestamp: '2024-04-03T18:05:17.260Z'
}
{
  level: 'warn',
  message: 'POST /api/v1/course/enrolluser/660b2f7aab0e87e1eaf1ff7b 400 66ms',
  metadata: {
    meta: {
      req: {
        url: '/api/v1/course/enrolluser/660b2f7aab0e87e1eaf1ff7b',
        headers: {
          'user-agent': 'PostmanRuntime/7.37.0',
          accept: '*/*',
          'cache-control': 'no-cache',
          'postman-token': '3999b210-c748-4d62-b1f8-054241d60b7d',
          host: 'localhost:8080',
          'accept-encoding': 'gzip, deflate, br',
          connection: 'keep-alive',
          cookie: 'token=eyJhbGciOiJIUzI1NiIsInR5cCI6IkpXVCJ9.eyJpZCI6IjY2MGFlNjNhMzliZTk1NGY1NDliYjFkOSIsImlhdCI6MTcxMjE2NTYxNywiZXhwIjoxNzEyNzcwNDE3fQ.h3wBqAej1Z2Wc_Ucf3ZTBeC-_YI_GPL-VfHikZIMlhY',
          'content-length': '0'
        },
        method: 'POST',
        httpVersion: '1.1',
        originalUrl: '/api/v1/course/enrolluser/660b2f7aab0e87e1eaf1ff7b',
        query: {}
      },
      res: { statusCode: 400 },
      responseTime: 66
    }
  },
  timestamp: '2024-04-03T18:09:24.397Z'
}
